2025-02-28 14:19:38,885 DEBUG    root            Loaded Command Group: ['gcloud', 'components']
2025-02-28 14:19:38,887 DEBUG    root            Loaded Command Group: ['gcloud', 'components', 'update']
2025-02-28 14:19:38,889 DEBUG    root            Running [gcloud.components.update] with arguments: [--quiet: "True", COMPONENT-IDS:8: "['gcloud', 'core', 'bq', 'gsutil', 'compute', 'preview', 'alpha', 'beta']"]
2025-02-28 14:19:38,890 INFO     ___FILE_ONLY___ Beginning update. This process may take several minutes.

2025-02-28 14:19:38,898 DEBUG    urllib3.connectionpool Starting new HTTPS connection (1): dl.google.com:443
2025-02-28 14:19:38,928 DEBUG    urllib3.connectionpool https://dl.google.com:443 "GET /dl/cloudsdk/channels/rapid/components-2.json HTTP/11" 200 226132
2025-02-28 14:19:38,941 WARNING  root            Component [compute] no longer exists.
2025-02-28 14:19:38,942 INFO     ___FILE_ONLY___ 

2025-02-28 14:19:38,942 INFO     ___FILE_ONLY___ 
Your current Google Cloud CLI version is: 512.0.0

2025-02-28 14:19:38,942 INFO     ___FILE_ONLY___ Installing components from version: 512.0.0

2025-02-28 14:19:38,942 INFO     ___FILE_ONLY___ 

2025-02-28 14:19:38,942 DEBUG    root            Chosen display Format:table[box,title="These components will be removed."](details.display_name:label=Name:align=left,version.version_string:label=Version:align=right,data.size.size(zero="",min=1048576):label=Size:align=right)
2025-02-28 14:19:38,943 DEBUG    root            Chosen display Format:table[box,title="These components will be updated."](details.display_name:label=Name:align=left,version.version_string:label=Version:align=right,data.size.size(zero="",min=1048576):label=Size:align=right)
2025-02-28 14:19:38,943 DEBUG    root            Chosen display Format:table[box,title="These components will be installed."](details.display_name:label=Name:align=left,version.version_string:label=Version:align=right,data.size.size(zero="",min=1048576):label=Size:align=right)
2025-02-28 14:19:38,956 INFO     ___FILE_ONLY___ ┌────────────────────────────────────────────────┐
2025-02-28 14:19:38,957 INFO     ___FILE_ONLY___ 

2025-02-28 14:19:38,957 INFO     ___FILE_ONLY___ │      These components will be installed.       │
2025-02-28 14:19:38,957 INFO     ___FILE_ONLY___ 

2025-02-28 14:19:38,957 INFO     ___FILE_ONLY___ ├─────────────────────────┬────────────┬─────────┤
2025-02-28 14:19:38,957 INFO     ___FILE_ONLY___ 

2025-02-28 14:19:38,957 INFO     ___FILE_ONLY___ │           Name          │  Version   │   Size  │
2025-02-28 14:19:38,957 INFO     ___FILE_ONLY___ 

2025-02-28 14:19:38,957 INFO     ___FILE_ONLY___ ├─────────────────────────┼────────────┼─────────┤
2025-02-28 14:19:38,957 INFO     ___FILE_ONLY___ 

2025-02-28 14:19:38,957 INFO     ___FILE_ONLY___ │ 
2025-02-28 14:19:38,957 INFO     ___FILE_ONLY___ gcloud Alpha Commands  
2025-02-28 14:19:38,957 INFO     ___FILE_ONLY___  
2025-02-28 14:19:38,957 INFO     ___FILE_ONLY___ │ 
2025-02-28 14:19:38,957 INFO     ___FILE_ONLY___ 2025.02.21
2025-02-28 14:19:38,958 INFO     ___FILE_ONLY___  
2025-02-28 14:19:38,958 INFO     ___FILE_ONLY___ │ 
2025-02-28 14:19:38,958 INFO     ___FILE_ONLY___ < 1 MiB
2025-02-28 14:19:38,958 INFO     ___FILE_ONLY___  
2025-02-28 14:19:38,958 INFO     ___FILE_ONLY___ │
2025-02-28 14:19:38,958 INFO     ___FILE_ONLY___ 

2025-02-28 14:19:38,958 INFO     ___FILE_ONLY___ │ 
2025-02-28 14:19:38,958 INFO     ___FILE_ONLY___ gcloud Beta Commands   
2025-02-28 14:19:38,958 INFO     ___FILE_ONLY___  
2025-02-28 14:19:38,958 INFO     ___FILE_ONLY___ │ 
2025-02-28 14:19:38,958 INFO     ___FILE_ONLY___ 2025.02.21
2025-02-28 14:19:38,958 INFO     ___FILE_ONLY___  
2025-02-28 14:19:38,958 INFO     ___FILE_ONLY___ │ 
2025-02-28 14:19:38,958 INFO     ___FILE_ONLY___ < 1 MiB
2025-02-28 14:19:38,958 INFO     ___FILE_ONLY___  
2025-02-28 14:19:38,958 INFO     ___FILE_ONLY___ │
2025-02-28 14:19:38,958 INFO     ___FILE_ONLY___ 

2025-02-28 14:19:38,958 INFO     ___FILE_ONLY___ │ 
2025-02-28 14:19:38,958 INFO     ___FILE_ONLY___ gcloud Preview Commands
2025-02-28 14:19:38,958 INFO     ___FILE_ONLY___  
2025-02-28 14:19:38,958 INFO     ___FILE_ONLY___ │ 
2025-02-28 14:19:38,959 INFO     ___FILE_ONLY___           
2025-02-28 14:19:38,959 INFO     ___FILE_ONLY___  
2025-02-28 14:19:38,959 INFO     ___FILE_ONLY___ │ 
2025-02-28 14:19:38,959 INFO     ___FILE_ONLY___ < 1 MiB
2025-02-28 14:19:38,959 INFO     ___FILE_ONLY___  
2025-02-28 14:19:38,959 INFO     ___FILE_ONLY___ │
2025-02-28 14:19:38,959 INFO     ___FILE_ONLY___ 

2025-02-28 14:19:38,959 INFO     ___FILE_ONLY___ └─────────────────────────┴────────────┴─────────┘
2025-02-28 14:19:38,959 INFO     ___FILE_ONLY___ 

2025-02-28 14:19:38,959 INFO     ___FILE_ONLY___ 

2025-02-28 14:19:38,962 DEBUG    urllib3.connectionpool Starting new HTTPS connection (1): dl.google.com:443
2025-02-28 14:19:38,998 DEBUG    urllib3.connectionpool https://dl.google.com:443 "GET /dl/cloudsdk/channels/rapid/RELEASE_NOTES HTTP/11" 200 1370893
2025-02-28 14:19:39,532 INFO     ___FILE_ONLY___ For the latest full release notes, please visit:
  https://cloud.google.com/sdk/release_notes


2025-02-28 14:19:39,533 INFO     ___FILE_ONLY___ Performing in place update...


2025-02-28 14:19:39,535 INFO     ___FILE_ONLY___ ╔════════════════════════════════════════════════════════════╗

2025-02-28 14:19:39,535 INFO     ___FILE_ONLY___ ╠═ Downloading: gcloud Alpha Commands                       ═╣

2025-02-28 14:19:39,535 INFO     ___FILE_ONLY___ ╚
2025-02-28 14:19:39,538 DEBUG    urllib3.connectionpool Starting new HTTPS connection (1): dl.google.com:443
2025-02-28 14:19:39,615 DEBUG    urllib3.connectionpool https://dl.google.com:443 "GET /dl/cloudsdk/channels/rapid/components/google-cloud-sdk-alpha-20250221145621.tar.gz HTTP/11" 200 800
2025-02-28 14:19:39,615 INFO     ___FILE_ONLY___ ════════════════════════════════════════════════════════════
2025-02-28 14:19:39,616 INFO     ___FILE_ONLY___ ╝

2025-02-28 14:19:39,617 INFO     ___FILE_ONLY___ ╔════════════════════════════════════════════════════════════╗

2025-02-28 14:19:39,618 INFO     ___FILE_ONLY___ ╠═ Downloading: gcloud Beta Commands                        ═╣

2025-02-28 14:19:39,618 INFO     ___FILE_ONLY___ ╚
2025-02-28 14:19:39,621 DEBUG    urllib3.connectionpool Starting new HTTPS connection (1): dl.google.com:443
2025-02-28 14:19:39,652 DEBUG    urllib3.connectionpool https://dl.google.com:443 "GET /dl/cloudsdk/channels/rapid/components/google-cloud-sdk-beta-20250221145621.tar.gz HTTP/11" 200 797
2025-02-28 14:19:39,652 INFO     ___FILE_ONLY___ ════════════════════════════════════════════════════════════
2025-02-28 14:19:39,652 INFO     ___FILE_ONLY___ ╝

2025-02-28 14:19:39,654 INFO     ___FILE_ONLY___ ╔════════════════════════════════════════════════════════════╗

2025-02-28 14:19:39,654 INFO     ___FILE_ONLY___ ╠═ Downloading: gcloud Preview Commands                     ═╣

2025-02-28 14:19:39,654 INFO     ___FILE_ONLY___ ╚
2025-02-28 14:19:39,657 DEBUG    urllib3.connectionpool Starting new HTTPS connection (1): dl.google.com:443
2025-02-28 14:19:39,859 DEBUG    urllib3.connectionpool https://dl.google.com:443 "GET /dl/cloudsdk/channels/rapid/components/google-cloud-sdk-preview-20241115154308.tar.gz HTTP/11" 200 823
2025-02-28 14:19:39,862 INFO     ___FILE_ONLY___ ════════════════════════════════════════════════════════════
2025-02-28 14:19:39,863 INFO     ___FILE_ONLY___ ╝

2025-02-28 14:19:39,867 INFO     ___FILE_ONLY___ ╔════════════════════════════════════════════════════════════╗

2025-02-28 14:19:39,867 INFO     ___FILE_ONLY___ ╠═ Installing: gcloud Alpha Commands                        ═╣

2025-02-28 14:19:39,867 INFO     ___FILE_ONLY___ ╚
2025-02-28 14:19:39,868 INFO     ___FILE_ONLY___ ════════════════════════════════════════════════════════════
2025-02-28 14:19:39,869 INFO     ___FILE_ONLY___ ╝

2025-02-28 14:19:39,876 INFO     ___FILE_ONLY___ ╔════════════════════════════════════════════════════════════╗

2025-02-28 14:19:39,877 INFO     ___FILE_ONLY___ ╠═ Installing: gcloud Beta Commands                         ═╣

2025-02-28 14:19:39,877 INFO     ___FILE_ONLY___ ╚
2025-02-28 14:19:39,878 INFO     ___FILE_ONLY___ ════════════════════════════════════════════════════════════
2025-02-28 14:19:39,878 INFO     ___FILE_ONLY___ ╝

2025-02-28 14:19:39,886 INFO     ___FILE_ONLY___ ╔════════════════════════════════════════════════════════════╗

2025-02-28 14:19:39,886 INFO     ___FILE_ONLY___ ╠═ Installing: gcloud Preview Commands                      ═╣

2025-02-28 14:19:39,886 INFO     ___FILE_ONLY___ ╚
2025-02-28 14:19:39,887 INFO     ___FILE_ONLY___ ════════════════════════════════════════════════════════════
2025-02-28 14:19:39,887 INFO     ___FILE_ONLY___ ╝

2025-02-28 14:19:39,896 DEBUG    root            Updating notification cache...
2025-02-28 14:19:39,896 INFO     ___FILE_ONLY___ 

2025-02-28 14:19:39,898 INFO     ___FILE_ONLY___ Performing post processing steps...
2025-02-28 14:19:39,899 DEBUG    root            Executing command: ['/tools/google-cloud-sdk/bin/gcloud', 'components', 'post-process']
2025-02-28 14:19:49,145 DEBUG    ___FILE_ONLY___ 
2025-02-28 14:19:49,145 DEBUG    ___FILE_ONLY___ 
2025-02-28 14:19:49,161 INFO     root            descriptor_list: [{'universeDomain': 'googleapis.com', 'universeShortName': '', 'authenticationDomain': 'auth.cloud.google.com', 'projectPrefix': '', 'cloudWebDomain': 'cloud.google.com', 'documentationDomain': 'cloud.google.com', 'version': '1.0.0', 'state': 'primary'}]
2025-02-28 14:19:49,162 INFO     ___FILE_ONLY___ 
Update done!


2025-02-28 14:19:49,164 DEBUG    root            Chosen display Format:none
2025-02-28 14:19:49,164 INFO     root            Display format: "none"
